open source     > level 1, order 1, name '/usr/share/texmf/tex/context/base/mkiv/cont-yes.mkiv'
system          > 
system          > ConTeXt  ver: 2017.05.15 21:48 MKIV beta  fmt: 2019.11.11  int: english/english
system          > 
system          > 'cont-new.mkiv' loaded
open source     > level 2, order 2, name '/usr/share/texmf/tex/context/base/mkiv/cont-new.mkiv'
close source    > level 2, order 2, name '/usr/share/texmf/tex/context/base/mkiv/cont-new.mkiv'
system          > files > jobname 'resume', input './resume', result 'resume'
fonts           > latin modern fonts are not preloaded
languages       > language 'en' is active
open source     > level 2, order 3, name '/home/greg/Documents/gvaumour.github.io/resume.tex'
colors          > defining > unknown library 'hex'
open source     > level 3, order 4, name '/usr/share/texmf/tex/context/fonts/mkiv/type-imp-texgyre.mkiv'
close source    > level 3, order 4, name '/usr/share/texmf/tex/context/fonts/mkiv/type-imp-texgyre.mkiv'
structure       > sectioning > section @ level 3 : 0.0.1 -> Grégory Vaumourin
structure       > sectioning > subsection @ level 4 : 0.0.1.1 -> Topic of Research
structure       > sectioning > subsection @ level 4 : 0.0.1.2 -> Education
structure       > sectioning > subsection @ level 4 : 0.0.1.3 -> Scientific Publications

Overfull \hbox (7.45659pt too wide) in paragraph at lines 151--156
 \3>helvetica-11pt-ss-tf-0--0 Vau-mourin G., La-fer-riere C. Cou-vee P. and Valat Pre-sen-ta-tion at ECMWF for the NEXTGe-

\hbox(8.217+1.617)x512.14963, glue set - 1.0, direction TLT
.\glue(\leftskip) 91.0488
.\3>helvetica-11pt-ss-tf-0--0 V
.\kern -0.66
.\3>helvetica-11pt-ss-tf-0--0 a
.\3>helvetica-11pt-ss-tf-0--0 u
.etc.

backend         > xmp > using file '/usr/share/texmf/tex/context/base/mkiv/lpdf-pdx.xml'
pages           > flushing realpage 1, userpage 1, subpage 1

Overfull \hbox (0.19394pt too wide) in paragraph at lines 176--181
 \3>helvetica-11pt-ss-sl-0--0 The 24th Eu-romi-cro In-ter-na-tional Con-fer-ence on Par-al-lel, Dis-trib-uted and Network-Based

\hbox(8.217+1.628)x512.14963, glue set - 1.0, direction TLT
.\glue(\leftskip) 91.0488
.\3>helvetica-11pt-ss-sl-0--0 T
.\3>helvetica-11pt-ss-sl-0--0 h
.\3>helvetica-11pt-ss-sl-0--0 e
.\glue(\spaceskip) 3.058 plus 1.529 minus 1.01933
.etc.

structure       > sectioning > subsection @ level 4 : 0.0.1.4 -> Research & Teaching Activities

Overfull \hbox (3.48338pt too wide) in paragraph at lines 236--238
 []\3>helvetica-11pt-ss-tf-0--0 Teacher As-sis-tant for Em-bbe-ded sys-tem and Hard-ware Pro-gram-ma-tion at IUT de Cachan

\hbox(11.62027+4.51897)x512.14963, glue set - 1.0, direction TLT
.\glue(\leftskip) 91.0488
.\localpar
..\localinterlinepenalty=0
..\localbrokenpenalty=0
..\localleftbox=null
..\localrightbox=null
.\hbox(11.62027+4.51897)x0.0, glue set - 91.0488fil, direction TLT
..\glue 0.0 plus 1.0fil minus 1.0fil
..\hbox(11.62027+4.51897)x91.0488, direction TLT
...\hbox(11.62027+4.51897)x91.0488, glue set 39.83385fil, direction TLT []
.\penalty 10000
.\3>helvetica-11pt-ss-tf-0--0 T
.etc.

pages           > flushing realpage 2, userpage 2
close source    > level 2, order 4, name '/home/greg/Documents/gvaumour.github.io/resume.tex'
close source    > level 1, order 4, name '/usr/share/texmf/tex/context/base/mkiv/cont-yes.mkiv'

system          > structure > start used structure

used structure  > text: resume

system          > structure > stop used structure


system          > files > start used files

used file       >    1: filename=cont-yes.mkiv filetype=tex foundname=/usr/share/texmf/tex/context/base/mkiv/cont-yes.mkiv usedmethod=database
used file       >    2: filename=publ-imp-default.lua filetype=scripts foundname=/usr/share/texmf/tex/context/base/mkiv/publ-imp-default.lua usedmethod=database
used file       >    3: filename=cont-new.mkiv filetype=tex foundname=/usr/share/texmf/tex/context/base/mkiv/cont-new.mkiv usedmethod=database
used file       >    4: filename=lang-us.lua filetype=scripts foundname=/usr/share/texmf/tex/context/patterns/mkiv/lang-us.lua usedmethod=database
used file       >    5: filename=/home/greg/Documents/gvaumour.github.io/resume.tex foundname=/home/greg/Documents/gvaumour.github.io/resume.tex usedmethod=direct
used file       >    6: filename=type-imp-texgyre.mkiv filetype=tex foundname=/usr/share/texmf/tex/context/fonts/mkiv/type-imp-texgyre.mkiv usedmethod=database
used file       >    7: filename=lm.lfg filetype=tex foundname=/usr/share/texmf/tex/context/fonts/mkiv/lm.lfg usedmethod=database
used file       >    8: filename=texgyreheros-regular filetype=otf format=otf foundname=/usr/share/texmf/fonts/opentype/public/tex-gyre/texgyreheros-regular.otf usedmethod=database
used file       >    9: filename=latinmodern-math.otf filetype=opentypefonts foundname=/usr/share/texmf/fonts/opentype/public/lm-math/latinmodern-math.otf usedmethod=database
used file       >   10: filename=texgyreheros-bold filetype=otf format=otf foundname=/usr/share/texmf/fonts/opentype/public/tex-gyre/texgyreheros-bold.otf usedmethod=database
used file       >   11: filename=texgyreheros-bolditalic filetype=otf format=otf foundname=/usr/share/texmf/fonts/opentype/public/tex-gyre/texgyreheros-bolditalic.otf usedmethod=database
used file       >   12: filename=texgyreheros-italic filetype=otf format=otf foundname=/usr/share/texmf/fonts/opentype/public/tex-gyre/texgyreheros-italic.otf usedmethod=database
used file       >   13: filename=lpdf-pdx.xml filetype=tex foundname=/usr/share/texmf/tex/context/base/mkiv/lpdf-pdx.xml usedmethod=database

system          > files > stop used files


system          > options > start commandline options

used option     > currentrun="1"
used option     > fulljobname="./resume.tex"
used option     > input="./resume.tex"
used option     > kindofrun="1"
used option     > maxnofruns="9"
used option     > no-parse-first-line="true"

system          > options > stop commandline options

system          > options > start commandline files

used file       >    1: ./resume.tex

system          > options > stop commandline files


mkiv lua stats  > used config file: /usr/share/texmf/web2c/texmfcnf.lua;/usr/share/texlive/texmf-dist/web2c/texmfcnf.lua
mkiv lua stats  > used cache path: readable: '/var/lib/texmf/luatex-cache/context/b47c3d3cee7cb6c86268d0595268c442' | readable+writable: '/home/greg/.texlive2017/texmf-var/luatex-cache/context/b47c3d3cee7cb6c86268d0595268c442'
mkiv lua stats  > resource resolver: loadtime 0.008 seconds, 0 scans with scantime 0.000 seconds, 0 shared scans, 13 found files, scanned paths: <none>
mkiv lua stats  > stored bytecode data: 404 modules (0.193 sec), 91 tables (0.011 sec), 495 chunks (0.204 sec)
mkiv lua stats  > traced context: maxstack: 1231, freed: 0, unreachable: 1231
mkiv lua stats  > cleaned up reserved nodes: 58 nodes, 9 lists of 447
mkiv lua stats  > node memory usage: 2 glue, 2 penalty, 12 attribute, 49 glue_spec, 3 attribute_list, 2 temp, 2 user_defined
mkiv lua stats  > node list callback tasks: 7 unique task lists, 8 instances (re)created, 452 calls
mkiv lua stats  > h-node processing time: 0.019 seconds including kernel
mkiv lua stats  > used backend: pdf (backend for directly generating pdf output)
mkiv lua stats  > jobdata time: 0.001 seconds saving, 0.001 seconds loading
mkiv lua stats  > callbacks: 884 direct, 785 indirect, 1669 total
mkiv lua stats  > randomizer: resumed with value 0.6453805824953
mkiv lua stats  > loaded patterns: en::2, load time: 0.000
mkiv lua stats  > interactive elements: 26 references, 22 destinations
mkiv lua stats  > result saved in file: resume.pdf, compresslevel 3, objectcompresslevel 3
mkiv lua stats  > loaded fonts: 5 files: latinmodern-math.otf, texgyreheros-bold.otf, texgyreheros-bolditalic.otf, texgyreheros-italic.otf, texgyreheros-regular.otf
mkiv lua stats  > font engine: otf 3.029, afm 1.512, tfm 1.000, 11 instances, 4 shared in backend, 0 common vectors, 4 common hashes, load time 0.168 seconds 
mkiv lua stats  > pdf annotations: 26 links (26 unique), 0 special
mkiv lua stats  > used platform: linux-64, type: unix, binary subtree: usr
mkiv lua stats  > luatex banner: this is luatex, version 1.0.4 (tex live 2017/debian)
mkiv lua stats  > control sequences: 45391 of 65536 + 100000
mkiv lua stats  > lua properties: engine: lua, used memory: 85 MB (ctx: 85 MB), hash type: lua, hash chars: min(64,40), symbol mask: utf (τεχ)
mkiv lua stats  > runtime: 0.547 seconds, 2 processed pages, 2 shipped pages, 3.656 pages/second

